2026-04-28 20:38:27,234 INFO o.a.j.u.JMeterUtils: Setting Locale to en_EN
2026-04-28 20:38:27,248 INFO o.a.j.JMeter: Loading user properties from: /Users/elgasing23/Documents/KULIAH/SEM 4/Adpro/Module/Module 7/Module-7-exercise-profiling/apache-jmeter-5.6.3/bin/user.properties
2026-04-28 20:38:27,249 INFO o.a.j.JMeter: Loading system properties from: /Users/elgasing23/Documents/KULIAH/SEM 4/Adpro/Module/Module 7/Module-7-exercise-profiling/apache-jmeter-5.6.3/bin/system.properties
2026-04-28 20:38:27,252 INFO o.a.j.JMeter: Copyright (c) 1998-2024 The Apache Software Foundation
2026-04-28 20:38:27,252 INFO o.a.j.JMeter: Version 5.6.3
2026-04-28 20:38:27,252 INFO o.a.j.JMeter: java.version=17.0.19
2026-04-28 20:38:27,252 INFO o.a.j.JMeter: java.vm.name=OpenJDK 64-Bit Server VM
2026-04-28 20:38:27,252 INFO o.a.j.JMeter: os.name=Mac OS X
2026-04-28 20:38:27,252 INFO o.a.j.JMeter: os.arch=aarch64
2026-04-28 20:38:27,252 INFO o.a.j.JMeter: os.version=15.3
2026-04-28 20:38:27,252 INFO o.a.j.JMeter: file.encoding=UTF-8
2026-04-28 20:38:27,252 INFO o.a.j.JMeter: java.awt.headless=true
2026-04-28 20:38:27,252 INFO o.a.j.JMeter: Max memory     =1073741824
2026-04-28 20:38:27,252 INFO o.a.j.JMeter: Available Processors =10
2026-04-28 20:38:27,256 INFO o.a.j.JMeter: Default Locale=English (EN)
2026-04-28 20:38:27,256 INFO o.a.j.JMeter: JMeter  Locale=English (EN)
2026-04-28 20:38:27,256 INFO o.a.j.JMeter: JMeterHome=/Users/elgasing23/Documents/KULIAH/SEM 4/Adpro/Module/Module 7/Module-7-exercise-profiling/apache-jmeter-5.6.3
2026-04-28 20:38:27,256 INFO o.a.j.JMeter: user.dir  =/Users/elgasing23/Documents/KULIAH/SEM 4/Adpro/Module/Module 7/Module-7-exercise-profiling
2026-04-28 20:38:27,256 INFO o.a.j.JMeter: PWD       =/Users/elgasing23/Documents/KULIAH/SEM 4/Adpro/Module/Module 7/Module-7-exercise-profiling
2026-04-28 20:38:27,258 INFO o.a.j.JMeter: IP: 127.0.0.1 Name: MacBook-Air-M-5.local FullName: localhost
2026-04-28 20:38:27,270 INFO o.a.j.s.FileServer: Default base='/Users/elgasing23/Documents/KULIAH/SEM 4/Adpro/Module/Module 7/Module-7-exercise-profiling'
2026-04-28 20:38:27,271 INFO o.a.j.s.FileServer: Set new base='/Users/elgasing23/Documents/KULIAH/SEM 4/Adpro/Module/Module 7/Module-7-exercise-profiling'
2026-04-28 20:38:27,349 INFO o.a.j.s.SaveService: Testplan (JMX) version: 2.2. Testlog (JTL) version: 2.2
2026-04-28 20:38:27,366 INFO o.a.j.s.SaveService: Using SaveService properties version 5.0
2026-04-28 20:38:27,367 INFO o.a.j.s.SaveService: Using SaveService properties file encoding UTF-8
2026-04-28 20:38:27,368 INFO o.a.j.s.SaveService: Loading file: test_plan_1.jmx
2026-04-28 20:38:27,405 INFO o.a.j.p.h.s.HTTPSamplerBase: Parser for text/html is org.apache.jmeter.protocol.http.parser.LagartoBasedHtmlParser
2026-04-28 20:38:27,405 INFO o.a.j.p.h.s.HTTPSamplerBase: Parser for application/xhtml+xml is org.apache.jmeter.protocol.http.parser.LagartoBasedHtmlParser
2026-04-28 20:38:27,405 INFO o.a.j.p.h.s.HTTPSamplerBase: Parser for application/xml is org.apache.jmeter.protocol.http.parser.LagartoBasedHtmlParser
2026-04-28 20:38:27,405 INFO o.a.j.p.h.s.HTTPSamplerBase: Parser for text/xml is org.apache.jmeter.protocol.http.parser.LagartoBasedHtmlParser
2026-04-28 20:38:27,405 INFO o.a.j.p.h.s.HTTPSamplerBase: Parser for text/vnd.wap.wml is org.apache.jmeter.protocol.http.parser.RegexpHTMLParser
2026-04-28 20:38:27,405 INFO o.a.j.p.h.s.HTTPSamplerBase: Parser for text/css is org.apache.jmeter.protocol.http.parser.CssParser
2026-04-28 20:38:27,418 INFO o.a.j.JMeter: Creating summariser <summary>
2026-04-28 20:38:27,424 INFO o.a.j.e.StandardJMeterEngine: Running the test!
2026-04-28 20:38:27,424 INFO o.a.j.s.SampleEvent: List of sample_variables: []
2026-04-28 20:38:27,424 INFO o.a.j.s.SampleEvent: List of sample_variables: []
2026-04-28 20:38:27,427 INFO o.a.j.e.u.CompoundVariable: Note: Function class names must contain the string: '.functions.'
2026-04-28 20:38:27,427 INFO o.a.j.e.u.CompoundVariable: Note: Function class names must not contain the string: '.gui.'
2026-04-28 20:38:27,475 INFO o.a.j.JMeter: Running test (1777383507475)
2026-04-28 20:38:27,483 INFO o.a.j.e.StandardJMeterEngine: Starting ThreadGroup: 1 : Thread Group
2026-04-28 20:38:27,483 INFO o.a.j.e.StandardJMeterEngine: Starting 10 threads for group Thread Group.
2026-04-28 20:38:27,483 INFO o.a.j.e.StandardJMeterEngine: Thread will continue on error
2026-04-28 20:38:27,483 INFO o.a.j.t.ThreadGroup: Starting thread group... number=1 threads=10 ramp-up=1 delayedStart=false
2026-04-28 20:38:27,485 INFO o.a.j.t.JMeterThread: Thread started: Thread Group 1-1
2026-04-28 20:38:27,485 INFO o.a.j.t.ThreadGroup: Started thread group number 1
2026-04-28 20:38:27,485 INFO o.a.j.e.StandardJMeterEngine: All thread groups have been started
2026-04-28 20:38:27,504 INFO o.a.j.p.h.s.HTTPHCAbstractImpl: Local host = MacBook-Air-M-5.local
2026-04-28 20:38:27,508 INFO o.a.j.p.h.s.HTTPHC4Impl: HTTP request retry count = 0
2026-04-28 20:38:27,508 INFO o.a.j.s.SampleResult: Note: Sample TimeStamps are START times
2026-04-28 20:38:27,508 INFO o.a.j.s.SampleResult: sampleresult.default.encoding is set to UTF-8
2026-04-28 20:38:27,508 INFO o.a.j.s.SampleResult: sampleresult.useNanoTime=true
2026-04-28 20:38:27,508 INFO o.a.j.s.SampleResult: sampleresult.nanoThreadSleep=5000
2026-04-28 20:38:27,589 INFO o.a.j.t.JMeterThread: Thread started: Thread Group 1-2
2026-04-28 20:38:27,689 INFO o.a.j.t.JMeterThread: Thread started: Thread Group 1-3
2026-04-28 20:38:27,788 INFO o.a.j.t.JMeterThread: Thread started: Thread Group 1-4
2026-04-28 20:38:27,885 INFO o.a.j.t.JMeterThread: Thread started: Thread Group 1-5
2026-04-28 20:38:27,987 INFO o.a.j.t.JMeterThread: Thread started: Thread Group 1-6
2026-04-28 20:38:28,084 INFO o.a.j.t.JMeterThread: Thread started: Thread Group 1-7
2026-04-28 20:38:28,184 INFO o.a.j.t.JMeterThread: Thread started: Thread Group 1-8
2026-04-28 20:38:28,288 INFO o.a.j.t.JMeterThread: Thread started: Thread Group 1-9
2026-04-28 20:38:28,386 INFO o.a.j.t.JMeterThread: Thread started: Thread Group 1-10
2026-04-28 20:39:08,997 INFO o.a.j.t.JMeterThread: Thread is done: Thread Group 1-2
2026-04-28 20:39:08,997 INFO o.a.j.t.JMeterThread: Thread finished: Thread Group 1-2
2026-04-28 20:39:09,011 INFO o.a.j.t.JMeterThread: Thread is done: Thread Group 1-1
2026-04-28 20:39:09,011 INFO o.a.j.t.JMeterThread: Thread finished: Thread Group 1-1
2026-04-28 20:39:09,217 INFO o.a.j.t.JMeterThread: Thread is done: Thread Group 1-3
2026-04-28 20:39:09,217 INFO o.a.j.t.JMeterThread: Thread finished: Thread Group 1-3
2026-04-28 20:39:09,366 INFO o.a.j.t.JMeterThread: Thread is done: Thread Group 1-4
2026-04-28 20:39:09,366 INFO o.a.j.t.JMeterThread: Thread finished: Thread Group 1-4
2026-04-28 20:39:09,494 INFO o.a.j.t.JMeterThread: Thread is done: Thread Group 1-5
2026-04-28 20:39:09,494 INFO o.a.j.t.JMeterThread: Thread finished: Thread Group 1-5
2026-04-28 20:39:09,606 INFO o.a.j.t.JMeterThread: Thread is done: Thread Group 1-6
2026-04-28 20:39:09,606 INFO o.a.j.t.JMeterThread: Thread finished: Thread Group 1-6
2026-04-28 20:39:09,772 INFO o.a.j.t.JMeterThread: Thread is done: Thread Group 1-7
2026-04-28 20:39:09,772 INFO o.a.j.t.JMeterThread: Thread finished: Thread Group 1-7
2026-04-28 20:39:09,842 INFO o.a.j.t.JMeterThread: Thread is done: Thread Group 1-8
2026-04-28 20:39:09,842 INFO o.a.j.t.JMeterThread: Thread finished: Thread Group 1-8
2026-04-28 20:39:09,880 INFO o.a.j.t.JMeterThread: Thread is done: Thread Group 1-9
2026-04-28 20:39:09,881 INFO o.a.j.t.JMeterThread: Thread finished: Thread Group 1-9
2026-04-28 20:39:09,907 INFO o.a.j.t.JMeterThread: Thread is done: Thread Group 1-10
2026-04-28 20:39:09,907 INFO o.a.j.t.JMeterThread: Thread finished: Thread Group 1-10
2026-04-28 20:39:09,907 INFO o.a.j.e.StandardJMeterEngine: Notifying test listeners of end of test
2026-04-28 20:39:09,908 INFO o.a.j.r.Summariser: summary =     10 in 00:00:42 =    0.2/s Avg: 41565 Min: 41404 Max: 41687 Err:     0 (0.00%)
